<?xml version="1.0" encoding="UTF-8"?>
<coverage generated="1716332016763" clover="3.2.0">
  <project timestamp="1716332016763" name="All files">
    <metrics statements="31" coveredstatements="30" conditionals="9" coveredconditionals="9" methods="8" coveredmethods="7" elements="48" coveredelements="46" complexity="0" loc="31" ncloc="31" packages="1" files="1" classes="1"/>
    <file name="app.ts" path="E:\Full-Stack Take Home Test\backend\src\app.ts">
      <metrics statements="31" coveredstatements="30" conditionals="9" coveredconditionals="9" methods="8" coveredmethods="7"/>
      <line num="1" count="1" type="stmt"/>
      <line num="2" count="1" type="stmt"/>
      <line num="3" count="1" type="stmt"/>
      <line num="4" count="1" type="stmt"/>
      <line num="6" count="1" type="stmt"/>
      <line num="8" count="1" type="stmt"/>
      <line num="9" count="1" type="stmt"/>
      <line num="11" count="1" type="stmt"/>
      <line num="12" count="1" type="stmt"/>
      <line num="14" count="1" type="stmt"/>
      <line num="18" count="3" type="stmt"/>
      <line num="19" count="3" type="stmt"/>
      <line num="20" count="3" type="stmt"/>
      <line num="21" count="3" type="stmt"/>
      <line num="24" count="1" type="stmt"/>
      <line num="25" count="4" type="cond" truecount="1" falsecount="0"/>
      <line num="26" count="1" type="stmt"/>
      <line num="29" count="3" type="stmt"/>
      <line num="30" count="3" type="stmt"/>
      <line num="32" count="3" type="stmt"/>
      <line num="34" count="6" type="stmt"/>
      <line num="36" count="3" type="stmt"/>
      <line num="37" count="3" type="stmt"/>
      <line num="40" count="0" type="stmt"/>
      <line num="44" count="1" type="stmt"/>
      <line num="45" count="2" type="cond" truecount="6" falsecount="0"/>
      <line num="46" count="2" type="stmt"/>
      <line num="47" count="4" type="stmt"/>
      <line num="48" count="6" type="cond" truecount="2" falsecount="0"/>
      <line num="51" count="2" type="stmt"/>
      <line num="54" count="1" type="stmt"/>
    </file>
  </project>
</coverage>
