{"E:\\Full-Stack Take Home Test\\backend\\src\\app.ts": {"path":"E:\\Full-Stack Take Home Test\\backend\\src\\app.ts","statementMap":{"0":{"start":{"line":1,"column":0},"end":{"line":1,"column":30}},"1":{"start":{"line":2,"column":0},"end":{"line":2,"column":24}},"2":{"start":{"line":3,"column":0},"end":{"line":3,"column":28}},"3":{"start":{"line":4,"column":0},"end":{"line":4,"column":29}},"4":{"start":{"line":6,"column":0},"end":{"line":6,"column":34}},"5":{"start":{"line":8,"column":12},"end":{"line":8,"column":21}},"6":{"start":{"line":9,"column":15},"end":{"line":9,"column":23}},"7":{"start":{"line":11,"column":0},"end":{"line":11,"column":16}},"8":{"start":{"line":12,"column":0},"end":{"line":12,"column":24}},"9":{"start":{"line":14,"column":21},"end":{"line":14,"column":23}},"10":{"start":{"line":18,"column":19},"end":{"line":18,"column":33}},"11":{"start":{"line":19,"column":4},"end":{"line":19,"column":24}},"12":{"start":{"line":20,"column":4},"end":{"line":20,"column":22}},"13":{"start":{"line":21,"column":4},"end":{"line":21,"column":18}},"14":{"start":{"line":24,"column":0},"end":{"line":42,"column":3}},"15":{"start":{"line":25,"column":4},"end":{"line":27,"column":null}},"16":{"start":{"line":26,"column":8},"end":{"line":26,"column":69}},"17":{"start":{"line":29,"column":27},"end":{"line":29,"column":29}},"18":{"start":{"line":30,"column":19},"end":{"line":30,"column":50}},"19":{"start":{"line":32,"column":4},"end":{"line":41,"column":11}},"20":{"start":{"line":34,"column":35},"end":{"line":34,"column":53}},"21":{"start":{"line":36,"column":12},"end":{"line":36,"column":30}},"22":{"start":{"line":37,"column":12},"end":{"line":37,"column":85}},"23":{"start":{"line":40,"column":12},"end":{"line":40,"column":61}},"24":{"start":{"line":44,"column":0},"end":{"line":52,"column":3}},"25":{"start":{"line":45,"column":18},"end":{"line":45,"column":61}},"26":{"start":{"line":46,"column":25},"end":{"line":49,"column":null}},"27":{"start":{"line":47,"column":8},"end":{"line":48,"column":null}},"28":{"start":{"line":48,"column":12},"end":{"line":48,"column":87}},"29":{"start":{"line":51,"column":4},"end":{"line":51,"column":49}},"30":{"start":{"line":54,"column":0},"end":{"line":54,"column":19}}},"fnMap":{"0":{"name":"bufferToStream","decl":{"start":{"line":17,"column":9},"end":{"line":17,"column":23}},"loc":{"start":{"line":17,"column":38},"end":{"line":22,"column":1}}},"1":{"name":"(anonymous_2)","decl":{"start":{"line":24,"column":46},"end":{"line":24,"column":47}},"loc":{"start":{"line":24,"column":78},"end":{"line":42,"column":1}}},"2":{"name":"(anonymous_3)","decl":{"start":{"line":34,"column":20},"end":{"line":34,"column":21}},"loc":{"start":{"line":34,"column":35},"end":{"line":34,"column":53}}},"3":{"name":"(anonymous_4)","decl":{"start":{"line":35,"column":19},"end":{"line":35,"column":22}},"loc":{"start":{"line":35,"column":24},"end":{"line":38,"column":9}}},"4":{"name":"(anonymous_5)","decl":{"start":{"line":39,"column":21},"end":{"line":39,"column":22}},"loc":{"start":{"line":39,"column":36},"end":{"line":41,"column":9}}},"5":{"name":"(anonymous_6)","decl":{"start":{"line":44,"column":22},"end":{"line":44,"column":23}},"loc":{"start":{"line":44,"column":54},"end":{"line":52,"column":1}}},"6":{"name":"(anonymous_7)","decl":{"start":{"line":46,"column":40},"end":{"line":46,"column":43}},"loc":{"start":{"line":47,"column":8},"end":{"line":48,"column":null}}},"7":{"name":"(anonymous_8)","decl":{"start":{"line":47,"column":32},"end":{"line":47,"column":37}},"loc":{"start":{"line":48,"column":12},"end":{"line":48,"column":87}}}},"branchMap":{"0":{"loc":{"start":{"line":25,"column":4},"end":{"line":27,"column":null}},"type":"if","locations":[{"start":{"line":25,"column":4},"end":{"line":27,"column":null}}]},"1":{"loc":{"start":{"line":45,"column":18},"end":{"line":45,"column":61}},"type":"binary-expr","locations":[{"start":{"line":45,"column":18},"end":{"line":45,"column":55}},{"start":{"line":45,"column":59},"end":{"line":45,"column":61}}]},"2":{"loc":{"start":{"line":45,"column":18},"end":{"line":45,"column":55}},"type":"cond-expr","locations":[{"start":{"line":45,"column":29},"end":{"line":45,"column":31}},{"start":{"line":45,"column":29},"end":{"line":45,"column":55}}]},"3":{"loc":{"start":{"line":45,"column":18},"end":{"line":45,"column":31}},"type":"binary-expr","locations":[{"start":{"line":45,"column":18},"end":{"line":45,"column":31}},{"start":{"line":45,"column":29},"end":{"line":45,"column":31}}]},"4":{"loc":{"start":{"line":48,"column":12},"end":{"line":48,"column":87}},"type":"binary-expr","locations":[{"start":{"line":48,"column":12},"end":{"line":48,"column":37}},{"start":{"line":48,"column":41},"end":{"line":48,"column":87}}]}},"s":{"0":1,"1":1,"2":1,"3":1,"4":1,"5":1,"6":1,"7":1,"8":1,"9":1,"10":3,"11":3,"12":3,"13":3,"14":1,"15":4,"16":1,"17":3,"18":3,"19":3,"20":6,"21":3,"22":3,"23":0,"24":1,"25":2,"26":2,"27":4,"28":6,"29":2,"30":1},"f":{"0":3,"1":4,"2":6,"3":3,"4":0,"5":2,"6":4,"7":6},"b":{"0":[1],"1":[2,1],"2":[1,1],"3":[2,2],"4":[6,6]}}
}
