TN:
SF:src\app.ts
FN:17,bufferToStream
FN:24,(anonymous_2)
FN:34,(anonymous_3)
FN:35,(anonymous_4)
FN:39,(anonymous_5)
FN:44,(anonymous_6)
FN:46,(anonymous_7)
FN:47,(anonymous_8)
FNF:8
FNH:7
FNDA:3,bufferToStream
FNDA:4,(anonymous_2)
FNDA:6,(anonymous_3)
FNDA:3,(anonymous_4)
FNDA:0,(anonymous_5)
FNDA:2,(anonymous_6)
FNDA:4,(anonymous_7)
FNDA:6,(anonymous_8)
DA:1,1
DA:2,1
DA:3,1
DA:4,1
DA:6,1
DA:8,1
DA:9,1
DA:11,1
DA:12,1
DA:14,1
DA:18,3
DA:19,3
DA:20,3
DA:21,3
DA:24,1
DA:25,4
DA:26,1
DA:29,3
DA:30,3
DA:32,3
DA:34,6
DA:36,3
DA:37,3
DA:40,0
DA:44,1
DA:45,2
DA:46,2
DA:47,4
DA:48,6
DA:51,2
DA:54,1
LF:31
LH:30
BRDA:25,0,0,1
BRDA:45,1,0,2
BRDA:45,1,1,1
BRDA:45,2,0,1
BRDA:45,2,1,1
BRDA:45,3,0,2
BRDA:45,3,1,2
BRDA:48,4,0,6
BRDA:48,4,1,6
BRF:9
BRH:9
end_of_record
